Performing C++ SOURCE FILE Test CMAKE_HAVE_LIBC_PTHREAD failed with the following output:
Change Dir: /home/tgiglia/projects/SpectralDetector/build/CMakeFiles/CMakeTmp

Run Build Command(s):/usr/bin/gmake -f Makefile cmTC_c4680/fast && /usr/bin/gmake  -f CMakeFiles/cmTC_c4680.dir/build.make CMakeFiles/cmTC_c4680.dir/build
gmake[1]: Entering directory '/home/tgiglia/projects/SpectralDetector/build/CMakeFiles/CMakeTmp'
Building CXX object CMakeFiles/cmTC_c4680.dir/src.cxx.o
/usr/bin/c++ -DCMAKE_HAVE_LIBC_PTHREAD   -o CMakeFiles/cmTC_c4680.dir/src.cxx.o -c /home/tgiglia/projects/SpectralDetector/build/CMakeFiles/CMakeTmp/src.cxx
Linking CXX executable cmTC_c4680
/usr/local/bin/cmake -E cmake_link_script CMakeFiles/cmTC_c4680.dir/link.txt --verbose=1
/usr/bin/c++ CMakeFiles/cmTC_c4680.dir/src.cxx.o -o cmTC_c4680 
/usr/bin/ld: CMakeFiles/cmTC_c4680.dir/src.cxx.o: in function `main':
src.cxx:(.text+0x40): undefined reference to `pthread_create'
/usr/bin/ld: src.cxx:(.text+0x4c): undefined reference to `pthread_detach'
/usr/bin/ld: src.cxx:(.text+0x58): undefined reference to `pthread_cancel'
/usr/bin/ld: src.cxx:(.text+0x68): undefined reference to `pthread_join'
collect2: error: ld returned 1 exit status
gmake[1]: *** [CMakeFiles/cmTC_c4680.dir/build.make:99: cmTC_c4680] Error 1
gmake[1]: Leaving directory '/home/tgiglia/projects/SpectralDetector/build/CMakeFiles/CMakeTmp'
gmake: *** [Makefile:127: cmTC_c4680/fast] Error 2


Source file was:
#include <pthread.h>

static void* test_func(void* data)
{
  return data;
}

int main(void)
{
  pthread_t thread;
  pthread_create(&thread, NULL, test_func, NULL);
  pthread_detach(thread);
  pthread_cancel(thread);
  pthread_join(thread, NULL);
  pthread_atfork(NULL, NULL, NULL);
  pthread_exit(NULL);

  return 0;
}

Determining if the function pthread_create exists in the pthreads failed with the following output:
Change Dir: /home/tgiglia/projects/SpectralDetector/build/CMakeFiles/CMakeTmp

Run Build Command(s):/usr/bin/gmake -f Makefile cmTC_8a57a/fast && /usr/bin/gmake  -f CMakeFiles/cmTC_8a57a.dir/build.make CMakeFiles/cmTC_8a57a.dir/build
gmake[1]: Entering directory '/home/tgiglia/projects/SpectralDetector/build/CMakeFiles/CMakeTmp'
Building CXX object CMakeFiles/cmTC_8a57a.dir/CheckFunctionExists.cxx.o
/usr/bin/c++   -DCHECK_FUNCTION_EXISTS=pthread_create -o CMakeFiles/cmTC_8a57a.dir/CheckFunctionExists.cxx.o -c /home/tgiglia/projects/SpectralDetector/build/CMakeFiles/CheckLibraryExists/CheckFunctionExists.cxx
Linking CXX executable cmTC_8a57a
/usr/local/bin/cmake -E cmake_link_script CMakeFiles/cmTC_8a57a.dir/link.txt --verbose=1
/usr/bin/c++  -DCHECK_FUNCTION_EXISTS=pthread_create CMakeFiles/cmTC_8a57a.dir/CheckFunctionExists.cxx.o -o cmTC_8a57a  -lpthreads 
/usr/bin/ld: cannot find -lpthreads
collect2: error: ld returned 1 exit status
gmake[1]: *** [CMakeFiles/cmTC_8a57a.dir/build.make:99: cmTC_8a57a] Error 1
gmake[1]: Leaving directory '/home/tgiglia/projects/SpectralDetector/build/CMakeFiles/CMakeTmp'
gmake: *** [Makefile:127: cmTC_8a57a/fast] Error 2



